<?xml version="1.0" encoding="UTF-8"?>
<testsuite xmlns:xsi="http://www.w3.org/2001/XMLSchema-instance" xsi:noNamespaceSchemaLocation="https://maven.apache.org/surefire/maven-surefire-plugin/xsd/surefire-test-report.xsd" name="com.example.calculator.CalculatorApplicationTests" time="7.147" tests="3" errors="0" skipped="0" failures="0">
  <properties>
[...]
</properties>
  <testcase name="testAddition" classname="com.example.calculator.CalculatorApplicationTests" time="0.849"/>
  <testcase name="testDivisionByZero" classname="com.example.calculator.CalculatorApplicationTests" time="0.007"/>
  <testcase name="testDivision" classname="com.example.calculator.CalculatorApplicationTests" time="0.007"/>
</testsuite>